Base path: C:/Program Files (x86)/UnityBeta/Editor/Data
Pipe name: \\.\pipe\UnityShaderCompiler-5-12964
Cmd: getPlatforms
Cmd: compileSnippet
  api=1 type=0 insize=4310 outsize=145 kw=DIRECTIONAL SHADOWS_OFF LIGHTMAP_ON DIRLIGHTMAP_OFF ok=1
Cmd: compileSnippet
  api=0 type=1 insize=4310 outsize=276 kw=DIRECTIONAL SHADOWS_OFF LIGHTMAP_ON DIRLIGHTMAP_ON ok=1
Cmd: compileSnippet
  api=4 type=1 insize=4310 outsize=1388 kw=DIRECTIONAL SHADOWS_SCREEN LIGHTMAP_OFF DIRLIGHTMAP_OFF ok=1
Cmd: compileSnippet
  api=8 type=1 insize=4310 outsize=2194 kw=DIRECTIONAL SHADOWS_SCREEN LIGHTMAP_ON DIRLIGHTMAP_ON ok=1
Cmd: compileSnippet
  api=8 type=0 insize=2291 outsize=2300 kw=DIRECTIONAL ok=1
Cmd: compileSnippet
  api=8 type=0 insize=2291 outsize=3852 kw=POINT_COOKIE ok=1
Cmd: compileSnippet
  api=1 type=1 insize=2291 outsize=380 kw=POINT ok=1
Cmd: compileSnippet
  api=0 type=1 insize=2291 outsize=583 kw=POINT_COOKIE ok=1
Cmd: compileSnippet
  api=1 type=0 insize=1954 outsize=190 kw= ok=1
Cmd: compileSnippet
  api=8 type=0 insize=4055 outsize=3925 kw=LIGHTMAP_ON DIRLIGHTMAP_OFF HDR_LIGHT_PREPASS_OFF ok=1
Cmd: compileSnippet
  api=0 type=0 insize=4055 outsize=789 kw=LIGHTMAP_ON DIRLIGHTMAP_OFF HDR_LIGHT_PREPASS_ON ok=1
Cmd: compileSnippet
  api=4 type=0 insize=4055 outsize=1697 kw=LIGHTMAP_ON DIRLIGHTMAP_ON HDR_LIGHT_PREPASS_ON ok=1
Cmd: compileSnippet
  api=0 type=1 insize=4055 outsize=363 kw=LIGHTMAP_ON DIRLIGHTMAP_ON HDR_LIGHT_PREPASS_OFF ok=1
Cmd: compileSnippet
  api=0 type=1 insize=4055 outsize=238 kw=LIGHTMAP_OFF DIRLIGHTMAP_OFF HDR_LIGHT_PREPASS_ON ok=1
Cmd: compileSnippet
  api=4 type=1 insize=4055 outsize=973 kw=LIGHTMAP_OFF DIRLIGHTMAP_OFF HDR_LIGHT_PREPASS_ON ok=1
Unhandled exception: Readfile from pipe failed. GLE=The pipe has been ended.


Quitting shader compiler process
