Base path: C:/Program Files (x86)/UnityBeta/Editor/Data
Pipe name: \\.\pipe\UnityShaderCompiler-2-13148
Cmd: getPlatforms
Cmd: compileSnippet
  api=8 type=0 insize=4310 outsize=3502 kw=DIRECTIONAL SHADOWS_OFF LIGHTMAP_OFF DIRLIGHTMAP_OFF ok=1
Cmd: compileSnippet
  api=8 type=1 insize=4310 outsize=1731 kw=DIRECTIONAL SHADOWS_OFF LIGHTMAP_OFF DIRLIGHTMAP_OFF ok=1
Cmd: compileSnippet
  api=0 type=1 insize=4310 outsize=429 kw=DIRECTIONAL SHADOWS_SCREEN LIGHTMAP_ON DIRLIGHTMAP_OFF ok=1
Cmd: compileSnippet
  api=4 type=1 insize=4310 outsize=1445 kw=DIRECTIONAL SHADOWS_SCREEN LIGHTMAP_ON DIRLIGHTMAP_ON ok=1
Cmd: compileSnippet
  api=1 type=0 insize=2291 outsize=206 kw=DIRECTIONAL ok=1
Cmd: compileSnippet
  api=4 type=0 insize=2291 outsize=2688 kw=SPOT ok=1
Cmd: compileSnippet
  api=0 type=0 insize=2291 outsize=709 kw=DIRECTIONAL_COOKIE ok=1
Cmd: compileSnippet
  api=0 type=1 insize=2291 outsize=326 kw=DIRECTIONAL ok=1
Cmd: compileSnippet
  api=4 type=1 insize=2291 outsize=1843 kw=SPOT ok=1
Cmd: compileSnippet
  api=4 type=1 insize=2291 outsize=1136 kw=DIRECTIONAL_COOKIE ok=1
Cmd: compileSnippet
  api=1 type=1 insize=1954 outsize=118 kw= ok=1
Cmd: compileSnippet
  api=0 type=0 insize=4055 outsize=789 kw=LIGHTMAP_ON DIRLIGHTMAP_OFF HDR_LIGHT_PREPASS_OFF ok=1
Cmd: compileSnippet
  api=1 type=0 insize=4055 outsize=592 kw=LIGHTMAP_OFF DIRLIGHTMAP_OFF HDR_LIGHT_PREPASS_ON ok=1
Cmd: compileSnippet
  api=1 type=0 insize=4055 outsize=268 kw=LIGHTMAP_ON DIRLIGHTMAP_ON HDR_LIGHT_PREPASS_ON ok=1
Cmd: compileSnippet
  api=1 type=1 insize=4055 outsize=480 kw=LIGHTMAP_ON DIRLIGHTMAP_OFF HDR_LIGHT_PREPASS_OFF ok=1
Cmd: compileSnippet
  api=1 type=1 insize=4055 outsize=132 kw=LIGHTMAP_OFF DIRLIGHTMAP_OFF HDR_LIGHT_PREPASS_ON ok=1
Cmd: compileSnippet
  api=8 type=1 insize=4055 outsize=1414 kw=LIGHTMAP_OFF DIRLIGHTMAP_OFF HDR_LIGHT_PREPASS_ON ok=1
Unhandled exception: Readfile from pipe failed. GLE=The pipe has been ended.


Quitting shader compiler process
