Base path: C:/Program Files (x86)/UnityBeta/Editor/Data
Pipe name: \\.\pipe\UnityShaderCompiler-6-11660
Cmd: getPlatforms
Cmd: compileSnippet
  api=0 type=0 insize=4310 outsize=369 kw=DIRECTIONAL SHADOWS_OFF LIGHTMAP_ON DIRLIGHTMAP_OFF ok=1
Cmd: compileSnippet
  api=8 type=1 insize=4310 outsize=1341 kw=DIRECTIONAL SHADOWS_OFF LIGHTMAP_ON DIRLIGHTMAP_OFF ok=1
Cmd: compileSnippet
  api=0 type=1 insize=4310 outsize=442 kw=DIRECTIONAL SHADOWS_SCREEN LIGHTMAP_OFF DIRLIGHTMAP_OFF ok=1
Cmd: compileSnippet
  api=8 type=1 insize=4310 outsize=2194 kw=DIRECTIONAL SHADOWS_SCREEN LIGHTMAP_ON DIRLIGHTMAP_OFF ok=1
Cmd: compileSnippet
  api=0 type=0 insize=2291 outsize=493 kw=DIRECTIONAL ok=1
Cmd: compileSnippet
  api=1 type=0 insize=2291 outsize=336 kw=POINT_COOKIE ok=1
Cmd: compileSnippet
  api=1 type=1 insize=2291 outsize=245 kw=DIRECTIONAL ok=1
Cmd: compileSnippet
  api=8 type=1 insize=2291 outsize=2340 kw=POINT_COOKIE ok=1
Cmd: compileSnippet
  api=8 type=0 insize=1954 outsize=2097 kw= ok=1
Cmd: compileSnippet
  api=1 type=0 insize=4055 outsize=592 kw=LIGHTMAP_OFF DIRLIGHTMAP_OFF HDR_LIGHT_PREPASS_OFF ok=1
Cmd: compileSnippet
  api=0 type=0 insize=4055 outsize=839 kw=LIGHTMAP_OFF DIRLIGHTMAP_OFF HDR_LIGHT_PREPASS_ON ok=1
Cmd: compileSnippet
  api=8 type=0 insize=4055 outsize=2413 kw=LIGHTMAP_ON DIRLIGHTMAP_ON HDR_LIGHT_PREPASS_ON ok=1
Cmd: compileSnippet
  api=4 type=1 insize=4055 outsize=1867 kw=LIGHTMAP_ON DIRLIGHTMAP_OFF HDR_LIGHT_PREPASS_OFF ok=1
Cmd: compileSnippet
  api=4 type=1 insize=4055 outsize=1818 kw=LIGHTMAP_ON DIRLIGHTMAP_OFF HDR_LIGHT_PREPASS_ON ok=1
Unhandled exception: Readfile from pipe failed. GLE=The pipe has been ended.


Quitting shader compiler process
