Base path: C:/Program Files (x86)/UnityBeta/Editor/Data
Pipe name: \\.\pipe\UnityShaderCompiler-3-8920
Cmd: getPlatforms
Cmd: compileSnippet
  api=4 type=0 insize=4310 outsize=1307 kw=DIRECTIONAL SHADOWS_OFF LIGHTMAP_ON DIRLIGHTMAP_OFF ok=1
Cmd: compileSnippet
  api=0 type=1 insize=4310 outsize=358 kw=DIRECTIONAL SHADOWS_OFF LIGHTMAP_OFF DIRLIGHTMAP_OFF ok=1
Cmd: compileSnippet
  api=1 type=1 insize=4310 outsize=337 kw=DIRECTIONAL SHADOWS_SCREEN LIGHTMAP_ON DIRLIGHTMAP_OFF ok=1
Cmd: compileSnippet
  api=0 type=0 insize=2291 outsize=751 kw=POINT ok=1
Cmd: compileSnippet
  api=0 type=0 insize=2291 outsize=751 kw=POINT_COOKIE ok=1
Cmd: compileSnippet
  api=1 type=1 insize=2291 outsize=534 kw=SPOT ok=1
Cmd: compileSnippet
  api=1 type=1 insize=2291 outsize=428 kw=POINT_COOKIE ok=1
Cmd: compileSnippet
  api=0 type=0 insize=1954 outsize=457 kw= ok=1
Cmd: compileSnippet
  api=0 type=1 insize=1954 outsize=159 kw= ok=1
Cmd: compileSnippet
  api=1 type=0 insize=4055 outsize=456 kw=LIGHTMAP_ON DIRLIGHTMAP_OFF HDR_LIGHT_PREPASS_OFF ok=1
Cmd: compileSnippet
  api=8 type=0 insize=4055 outsize=3933 kw=LIGHTMAP_OFF DIRLIGHTMAP_OFF HDR_LIGHT_PREPASS_ON ok=1
Cmd: compileSnippet
  api=0 type=1 insize=4055 outsize=287 kw=LIGHTMAP_OFF DIRLIGHTMAP_OFF HDR_LIGHT_PREPASS_OFF ok=1
Cmd: compileSnippet
  api=4 type=1 insize=4055 outsize=1225 kw=LIGHTMAP_ON DIRLIGHTMAP_ON HDR_LIGHT_PREPASS_OFF ok=1
Cmd: compileSnippet
  api=1 type=1 insize=4055 outsize=425 kw=LIGHTMAP_ON DIRLIGHTMAP_OFF HDR_LIGHT_PREPASS_ON ok=1
Unhandled exception: Readfile from pipe failed. GLE=The pipe has been ended.


Quitting shader compiler process
